step 1 : 4 5
step 2 : 3 3
step 1 : 1 1
step 2 : 2 2
step 1 : 6 6
step 2 : 2 2
step 3 : 4 3
step 4 : 5 5
step 1 : 6 6
step 2 : 5 5
step 3 : 5 6
step 4 : 6 5
step 5 : 4 5
step 6 : 4 6
step 7 : 6 7
step 8 : 3 4
step 9 : 7 5
step 10 : 5 7
step 11 : 7 8
step 12 : 8 9
step 13 : 7 6
step 14 : 7 7
step 15 : 5 8
step 16 : 4 9
step 17 : 6 8
step 18 : 4 8
step 19 : 6 9
step 20 : 6 10
step 21 : 8 7
step 22 : 5 10
step 23 : 8 6
step 24 : 9 6
step 25 : 8 5
step 26 : 8 8
step 27 : 9 7
step 28 : 6 4
step 29 : 8 4
step 30 : 8 3
step 31 : 9 5
step 32 : 3 7
step 33 : 9 3
step 34 : 5 9
step 35 : 10 2
